Cyric was repelled at Tue Jun 15 08:50:52 1999.
Cyric was repelled at Tue Jun 15 08:52:12 1999.
Cyric was repelled at Tue Jun 15 08:53:34 1999.
Cyric was repelled at Tue Jun 15 09:08:06 1999.
Cyric was repelled at Tue Jun 15 09:08:22 1999.
Cyric was repelled at Tue Jun 15 09:08:24 1999.
Sauril was repelled at Tue Jun 15 16:41:25 1999.
Traer was repelled at Tue Jun 15 20:55:11 1999.
Traer was repelled at Tue Jun 15 20:55:19 1999.
Someone was repelled at Wed Jun 16 05:05:34 1999.
Someone was repelled at Wed Jun 16 05:08:00 1999.
Sithramir was repelled at Wed Jun 16 05:38:36 1999.
Sithramir was repelled at Wed Jun 16 05:38:38 1999.
Zalix was repelled at Wed Jun 16 16:55:55 1999.
Mountain lion was repelled at Mon Jun 21 00:42:35 1999.
Mountain lion was repelled at Mon Jun 21 00:44:37 1999.
Mountain lion was repelled at Mon Jun 21 00:46:39 1999.
Mountain lion was repelled at Mon Jun 21 00:48:41 1999.
Mountain lion was repelled at Mon Jun 21 00:50:43 1999.
Mountain lion was repelled at Mon Jun 21 03:35:29 1999.
Mountain lion was repelled at Mon Jun 21 03:37:31 1999.
Mountain lion was repelled at Mon Jun 21 03:39:33 1999.
Mountain lion was repelled at Mon Jun 21 03:41:35 1999.
Mountain lion was repelled at Mon Jun 21 05:37:36 1999.
Mountain lion was repelled at Mon Jun 21 05:39:40 1999.
Mountain lion was repelled at Mon Jun 21 05:41:42 1999.
Mountain lion was repelled at Mon Jun 21 05:43:44 1999.
Mountain lion was repelled at Mon Jun 21 05:45:46 1999.
Mountain lion was repelled at Mon Jun 21 05:47:48 1999.
Cyric was repelled at Thu Jun 24 05:38:26 1999.
Cyric was repelled at Thu Jun 24 05:38:30 1999.
Cyric was repelled at Thu Jun 24 05:47:16 1999.
Demon was repelled at Thu Jun 24 05:50:50 1999.
Demon was repelled at Thu Jun 24 05:52:46 1999.
Mountain lion was repelled at Sat Jun 26 13:15:50 1999.
Mountain lion was repelled at Sat Jun 26 13:17:52 1999.
Mountain lion was repelled at Mon Jun 28 06:47:41 1999.
Mountain lion was repelled at Mon Jun 28 07:14:10 1999.
Phaidor was repelled at Mon Jun 28 15:24:11 1999.
Mountain lion was repelled at Mon Jul  5 19:51:53 1999.
Mountain lion was repelled at Mon Jul  5 19:53:55 1999.
Panther was repelled at Tue Jul  6 18:52:12 1999.
Panther was repelled at Tue Jul  6 18:54:14 1999.
Mountain lion was repelled at Sat Jul 10 18:58:47 1999.
Mountain lion was repelled at Sat Jul 10 19:00:55 1999.
Mountain lion was repelled at Sat Jul 10 19:02:57 1999.
Mountain lion was repelled at Sat Jul 10 19:09:03 1999.
Mountain lion was repelled at Sat Jul 10 19:15:09 1999.
Mountain lion was repelled at Mon Jul 12 05:47:40 1999.
Mountain lion was repelled at Mon Jul 12 05:59:53 1999.
Panther was repelled at Mon Jul 12 09:15:24 1999.
Panther was repelled at Mon Jul 12 09:17:26 1999.
Panther was repelled at Mon Jul 12 09:19:32 1999.
Panther was repelled at Mon Jul 12 09:21:35 1999.
Corben was repelled at Tue Jul 13 19:30:43 1999.
Corben was repelled at Tue Jul 13 19:31:09 1999.
Zator was repelled at Thu Jul 15 21:29:06 1999.
Zator was repelled at Thu Jul 15 21:29:10 1999.
Panther was repelled at Sat Jul 17 03:04:44 1999.
Mountain lion was repelled at Sun Jul 18 18:30:08 1999.
Mountain lion was repelled at Sun Jul 18 18:32:11 1999.
Mountain lion was repelled at Sun Jul 18 18:34:14 1999.
Mountain lion was repelled at Wed Jul 21 16:27:32 1999.
Mountain lion was repelled at Wed Jul 21 16:29:34 1999.
Mountain lion was repelled at Wed Jul 21 16:31:36 1999.
Mountain lion was repelled at Wed Jul 21 16:33:39 1999.
Mountain lion was repelled at Wed Jul 21 16:35:41 1999.
Mountain lion was repelled at Wed Jul 21 23:19:06 1999.
Mountain lion was repelled at Wed Jul 21 23:21:08 1999.
Mountain lion was repelled at Wed Jul 21 23:23:10 1999.
Mountain lion was repelled at Thu Jul 22 00:20:11 1999.
Mountain lion was repelled at Thu Jul 22 00:22:13 1999.
Mountain lion was repelled at Mon Aug  2 00:35:20 1999.
Mountain lion was repelled at Mon Aug  2 00:37:22 1999.
Mountain lion was repelled at Mon Aug  2 00:39:24 1999.
Mountain lion was repelled at Mon Aug  2 00:41:26 1999.
Mountain lion was repelled at Mon Aug  2 00:43:28 1999.
Mountain lion was repelled at Mon Aug  2 02:18:30 1999.
Mountain lion was repelled at Mon Aug  2 02:20:32 1999.
Mountain lion was repelled at Mon Aug  2 02:22:34 1999.
Mountain lion was repelled at Mon Aug  2 02:24:36 1999.
Gombe was repelled at Sat Aug 14 05:14:33 1999.
Mountain lion was repelled at Tue Aug 17 12:13:55 1999.
Mountain lion was repelled at Tue Aug 17 12:20:02 1999.
Mountain lion was repelled at Tue Aug 17 14:22:00 1999.
Cyric was repelled at Tue Aug 24 22:51:09 1999.
Mountain lion was repelled at Wed Aug 25 13:17:00 1999.
Mountain lion was repelled at Wed Aug 25 13:19:02 1999.
Xavier was repelled at Fri Aug 27 01:27:42 1999.
Xavier was repelled at Fri Aug 27 01:28:10 1999.
Rindur was repelled at Fri Aug 27 09:26:34 1999.
Mountain lion was repelled at Fri Aug 27 13:04:53 1999.
