Someone pissed off a warrior at Wed Jun 16 16:27:55 1999.
Someone pissed off a warrior at Wed Jun 16 16:27:55 1999.
Someone pissed off a warrior at Wed Jun 16 16:27:55 1999.
Someone pissed off a warrior at Wed Jun 16 16:27:57 1999.
Someone pissed off a warrior at Wed Jun 16 16:27:57 1999.
Sauril pissed off a warrior at Wed Jun 16 16:57:51 1999.
Zalix pissed off a warrior at Wed Jun 16 16:57:53 1999.
Zalix pissed off a warrior at Wed Jun 16 16:57:53 1999.
Zalix pissed off a warrior at Wed Jun 16 16:58:35 1999.
Zalix pissed off a warrior at Wed Jun 16 16:58:35 1999.
Zalix pissed off a warrior at Wed Jun 16 16:59:53 1999.
Ulath pissed off a warrior at Mon Jul 12 06:46:24 1999.
Zator pissed off a warrior at Thu Jul 15 21:29:40 1999.
Zator pissed off a warrior at Thu Jul 15 21:30:06 1999.
Ulath pissed off a warrior at Wed Jul 21 08:01:53 1999.
Gombe pissed off a warrior at Sat Aug 14 05:19:13 1999.
Gombe pissed off a warrior at Fri Aug 27 01:28:10 1999.
Xavier pissed off a warrior at Fri Aug 27 01:29:28 1999.
Gombe pissed off a warrior at Fri Aug 27 01:38:00 1999.
Gombe pissed off a warrior at Fri Aug 27 09:31:54 1999.
Rindur pissed off a warrior at Fri Aug 27 09:31:54 1999.
Rindur pissed off a warrior at Sat Aug 28 10:18:01 1999.
Rindur pissed off a warrior at Sat Aug 28 10:19:27 1999.
