Kortax bribed a gate sentry at Thu Apr 15 12:23:31 1999.
Kortax bribed a gate sentry at Thu Apr 15 15:31:08 1999.
Lyserge bribed a gate sentry at Thu Apr 15 16:34:04 1999.
Dolomite bribed a gate sentry at Thu Apr 15 19:56:27 1999.
Dolomite bribed a gate sentry at Thu Apr 15 19:56:33 1999.
Dolomite bribed a gate sentry at Thu Apr 15 19:56:39 1999.
Kortax bribed a gate sentry at Fri Apr 16 09:09:47 1999.
Kortax bribed a gate sentry at Fri Apr 16 09:11:19 1999.
Ariak bribed a gate sentry at Fri Apr 16 18:23:30 1999.
Dolomite bribed a gate sentry at Fri Apr 16 22:27:33 1999.
Dolomite bribed a gate sentry at Sat Apr 17 12:01:03 1999.
Ariak bribed a gate sentry at Sat Apr 17 16:40:07 1999.
Ariak bribed a gate sentry at Sat Apr 17 17:03:10 1999.
Dulcinea bribed a gate sentry at Sun Apr 18 07:13:16 1999.
Dulcinea bribed a gate sentry at Sun Apr 18 07:13:56 1999.
Ariak bribed a gate sentry at Sun Apr 18 11:00:06 1999.
Dolomite bribed a gate sentry at Sun Apr 18 14:56:14 1999.
Dolomite bribed a gate sentry at Sun Apr 18 19:06:37 1999.
Dolomite bribed a gate sentry at Sun Apr 18 23:44:56 1999.
Kortax bribed a gate sentry at Mon Apr 19 13:01:52 1999.
Dolomite bribed a gate sentry at Mon Apr 19 17:58:54 1999.
Dolomite bribed a gate sentry at Mon Apr 19 21:38:42 1999.
Dulcinea bribed a gate sentry at Tue Apr 20 02:24:07 1999.
Dulcinea bribed a gate sentry at Tue Apr 20 02:24:17 1999.
Dulcinea bribed a gate sentry at Tue Apr 20 02:24:49 1999.
Ariak bribed a gate sentry at Tue Apr 20 11:21:51 1999.
Dulcinea bribed a gate sentry at Tue Apr 20 11:37:07 1999.
Kortax bribed a gate sentry at Tue Apr 20 11:45:26 1999.
Dulcinea bribed a gate sentry at Tue Apr 20 15:25:11 1999.
Dulcinea bribed a gate sentry at Tue Apr 20 15:25:21 1999.
Ariak bribed a gate sentry at Tue Apr 20 20:48:30 1999.
Dolomite bribed a gate sentry at Wed Apr 21 13:57:36 1999.
Dulcinea bribed a gate sentry at Wed Apr 21 18:13:14 1999.
Skap bribed a gate sentry at Wed Apr 21 18:13:18 1999.
Dulcinea bribed a gate sentry at Wed Apr 21 18:13:24 1999.
Skap bribed a gate sentry at Wed Apr 21 18:13:50 1999.
Dulcinea bribed a gate sentry at Wed Apr 21 18:57:29 1999.
Lao bribed a gate sentry at Wed Apr 21 22:45:31 1999.
Dulcinea bribed a gate sentry at Wed Apr 21 23:26:22 1999.
Dulcinea bribed a gate sentry at Thu Apr 22 00:11:57 1999.
Dulcinea bribed a gate sentry at Thu Apr 22 02:57:58 1999.
Ulath bribed a gate sentry at Thu Apr 22 12:52:44 1999.
Ulath bribed a gate sentry at Thu Apr 22 12:52:58 1999.
Ulath bribed a gate sentry at Thu Apr 22 13:07:58 1999.
Skap bribed a gate sentry at Thu Apr 22 20:55:02 1999.
Skap bribed a gate sentry at Thu Apr 22 20:55:41 1999.
Dulcinea bribed a gate sentry at Thu Apr 22 21:05:27 1999.
Dulcinea bribed a gate sentry at Fri Apr 23 02:23:43 1999.
Dulcinea bribed a gate sentry at Fri Apr 23 05:33:52 1999.
Dulcinea bribed a gate sentry at Fri Apr 23 06:07:51 1999.
Dulcinea bribed a gate sentry at Fri Apr 23 06:33:24 1999.
Jasmine bribed a gate sentry at Fri Apr 23 10:22:18 1999.
Jasmine bribed a gate sentry at Fri Apr 23 10:22:34 1999.
Jasmine bribed a gate sentry at Fri Apr 23 10:42:54 1999.
Skap bribed a gate sentry at Fri Apr 23 15:38:15 1999.
Dulcinea bribed a gate sentry at Fri Apr 23 18:55:04 1999.
Dulcinea bribed a gate sentry at Fri Apr 23 23:29:43 1999.
Dulcinea bribed a gate sentry at Fri Apr 23 23:52:22 1999.
Lao bribed a gate sentry at Sat Apr 24 00:17:24 1999.
Dulcinea bribed a gate sentry at Sat Apr 24 00:52:03 1999.
Dulcinea bribed a gate sentry at Sat Apr 24 03:51:42 1999.
Dulcinea bribed a gate sentry at Sat Apr 24 05:13:33 1999.
Canton bribed a gate sentry at Sat Apr 24 12:47:57 1999.
Canton bribed a gate sentry at Sat Apr 24 12:49:43 1999.
Canton bribed a gate sentry at Sat Apr 24 13:07:55 1999.
Canton bribed a gate sentry at Sat Apr 24 13:13:32 1999.
Canton bribed a gate sentry at Sat Apr 24 13:19:44 1999.
Canton bribed a gate sentry at Sat Apr 24 13:25:22 1999.
Canton bribed a gate sentry at Sat Apr 24 13:37:11 1999.
Canton bribed a gate sentry at Sat Apr 24 13:41:28 1999.
Canton bribed a gate sentry at Sat Apr 24 14:07:27 1999.
Canton bribed a gate sentry at Sat Apr 24 14:17:08 1999.
Lao bribed a gate sentry at Sat Apr 24 17:10:25 1999.
Divet bribed a gate sentry at Sat Apr 24 17:14:09 1999.
Dulcinea bribed a gate sentry at Sat Apr 24 17:21:56 1999.
Lao bribed a gate sentry at Sat Apr 24 22:46:36 1999.
Dolomite bribed a gate sentry at Sun Apr 25 11:22:10 1999.
Ulath bribed a gate sentry at Sun Apr 25 15:34:27 1999.
Ulath bribed a gate sentry at Sun Apr 25 15:38:27 1999.
Lyserge bribed a gate sentry at Sun Apr 25 20:34:37 1999.
Dolomite bribed a gate sentry at Sun Apr 25 21:14:30 1999.
Dulcinea bribed a gate sentry at Mon Apr 26 01:21:43 1999.
Kortax bribed a gate sentry at Mon Apr 26 18:11:21 1999.
Kortax bribed a gate sentry at Mon Apr 26 18:36:52 1999.
Kortax bribed a gate sentry at Mon Apr 26 19:08:41 1999.
Marthene bribed a gate sentry at Tue Apr 27 07:42:54 1999.
Marthene bribed a gate sentry at Tue Apr 27 07:54:00 1999.
Kortax bribed a gate sentry at Tue Apr 27 12:58:23 1999.
Kortax bribed a gate sentry at Tue Apr 27 13:23:05 1999.
Kortax bribed a gate sentry at Tue Apr 27 16:17:35 1999.
Kortax bribed a gate sentry at Tue Apr 27 17:29:17 1999.
Kortax bribed a gate sentry at Tue Apr 27 17:37:31 1999.
Kortax bribed a gate sentry at Tue Apr 27 17:52:37 1999.
Kortax bribed a gate sentry at Tue Apr 27 21:18:55 1999.
Kortax bribed a gate sentry at Tue Apr 27 21:34:38 1999.
Kortax bribed a gate sentry at Tue Apr 27 21:55:24 1999.
Kortax bribed a gate sentry at Wed Apr 28 10:55:28 1999.
Kortax bribed a gate sentry at Wed Apr 28 11:25:57 1999.
Kortax bribed a gate sentry at Wed Apr 28 11:36:26 1999.
Kortax bribed a gate sentry at Wed Apr 28 14:30:17 1999.
Dolomite bribed a gate sentry at Wed Apr 28 14:40:32 1999.
Kortax bribed a gate sentry at Wed Apr 28 19:09:28 1999.
Kortax bribed a gate sentry at Wed Apr 28 19:24:35 1999.
Kortax bribed a gate sentry at Wed Apr 28 20:09:46 1999.
Kortax bribed a gate sentry at Wed Apr 28 20:25:21 1999.
Kortax bribed a gate sentry at Wed Apr 28 20:33:36 1999.
Dolomite bribed a gate sentry at Wed Apr 28 23:42:57 1999.
Marthene bribed a gate sentry at Thu Apr 29 01:03:07 1999.
Marthene bribed a gate sentry at Thu Apr 29 08:17:17 1999.
Skap bribed a gate sentry at Thu Apr 29 09:07:31 1999.
Leitbur bribed a gate sentry at Thu Apr 29 12:40:41 1999.
Kortax bribed a gate sentry at Thu Apr 29 13:09:37 1999.
Kortax bribed a gate sentry at Thu Apr 29 13:47:54 1999.
Kortax bribed a gate sentry at Thu Apr 29 18:18:10 1999.
Kortax bribed a gate sentry at Thu Apr 29 18:21:03 1999.
Kortax bribed a gate sentry at Thu Apr 29 18:40:30 1999.
Kortax bribed a gate sentry at Fri Apr 30 12:05:16 1999.
Kortax bribed a gate sentry at Fri Apr 30 12:11:56 1999.
Skap bribed a gate sentry at Fri Apr 30 15:20:16 1999.
Kortax bribed a gate sentry at Fri Apr 30 15:30:23 1999.
Nebuchaudnezzar bribed a gate sentry at Fri Apr 30 16:01:27 1999.
Kortax bribed a gate sentry at Fri Apr 30 16:15:47 1999.
Kortax bribed a gate sentry at Fri Apr 30 19:51:33 1999.
Kortax bribed a gate sentry at Sat May  1 00:39:57 1999.
Kortax bribed a gate sentry at Sat May  1 00:52:27 1999.
Kortax bribed a gate sentry at Sat May  1 01:03:02 1999.
Kortax bribed a gate sentry at Sat May  1 14:04:27 1999.
Kortax bribed a gate sentry at Sat May  1 14:44:42 1999.
Kortax bribed a gate sentry at Sat May  1 15:02:53 1999.
Kortax bribed a gate sentry at Sat May  1 18:56:03 1999.
Kortax bribed a gate sentry at Sat May  1 19:00:51 1999.
Kortax bribed a gate sentry at Sat May  1 19:23:09 1999.
Kortax bribed a gate sentry at Sat May  1 19:34:38 1999.
Skap bribed a gate sentry at Sat May  1 22:45:01 1999.
Skap bribed a gate sentry at Sat May  1 23:30:57 1999.
Kortax bribed a gate sentry at Sun May  2 16:44:07 1999.
Kortax bribed a gate sentry at Sun May  2 17:29:23 1999.
Kortax bribed a gate sentry at Mon May  3 14:27:36 1999.
Dolomite bribed a gate sentry at Mon May  3 23:41:05 1999.
Dulcinea bribed a gate sentry at Tue May  4 04:31:36 1999.
Kortax bribed a gate sentry at Tue May  4 12:54:11 1999.
Ulath bribed a gate sentry at Tue May  4 13:28:07 1999.
Kortax bribed a gate sentry at Tue May  4 13:51:36 1999.
Kortax bribed a gate sentry at Tue May  4 14:16:29 1999.
Cyric bribed a gate sentry at Wed May  5 02:50:20 1999.
Kortax bribed a gate sentry at Wed May  5 10:56:05 1999.
Kortax bribed a gate sentry at Wed May  5 11:10:56 1999.
Kortax bribed a gate sentry at Wed May  5 11:20:22 1999.
Kortax bribed a gate sentry at Wed May  5 11:38:11 1999.
Ulath bribed a gate sentry at Thu May  6 06:15:55 1999.
Ulath bribed a gate sentry at Thu May  6 06:21:31 1999.
Ulath bribed a gate sentry at Thu May  6 06:24:55 1999.
Kortax bribed a gate sentry at Thu May  6 10:07:23 1999.
Kortax bribed a gate sentry at Thu May  6 10:22:05 1999.
Kortax bribed a gate sentry at Thu May  6 13:35:46 1999.
Dagoth bribed a gate sentry at Fri May  7 07:47:19 1999.
Kortax bribed a gate sentry at Fri May  7 07:56:09 1999.
Kortax bribed a gate sentry at Fri May  7 08:19:37 1999.
Kortax bribed a gate sentry at Fri May  7 17:12:19 1999.
Kortax bribed a gate sentry at Fri May  7 20:46:09 1999.
Kortax bribed a gate sentry at Fri May  7 21:01:21 1999.
Dagoth bribed a gate sentry at Sat May  8 10:06:06 1999.
Kortax bribed a gate sentry at Sat May  8 10:52:52 1999.
Kortax bribed a gate sentry at Sat May  8 14:44:06 1999.
Kortax bribed a gate sentry at Sat May  8 19:06:39 1999.
Kortax bribed a gate sentry at Sat May  8 19:36:15 1999.
Dolomite bribed a gate sentry at Sat May  8 23:34:08 1999.
Ulath bribed a gate sentry at Sun May  9 09:20:27 1999.
Kortax bribed a gate sentry at Sun May  9 13:46:28 1999.
Kortax bribed a gate sentry at Sun May  9 14:11:15 1999.
Ariak bribed a gate sentry at Sun May  9 18:45:57 1999.
Dulcinea bribed a gate sentry at Mon May 10 02:35:00 1999.
Ulath bribed a gate sentry at Mon May 10 10:56:33 1999.
Ulath bribed a gate sentry at Mon May 10 11:31:49 1999.
Ulath bribed a gate sentry at Mon May 10 11:38:59 1999.
Kortax bribed a gate sentry at Mon May 10 15:42:29 1999.
Dolomite bribed a gate sentry at Mon May 10 19:57:49 1999.
Kortax bribed a gate sentry at Mon May 10 21:22:03 1999.
Dagoth bribed a gate sentry at Tue May 11 00:21:10 1999.
Yama bribed a gate sentry at Tue May 11 04:46:07 1999.
Ulath bribed a gate sentry at Tue May 11 13:34:51 1999.
Ulath bribed a gate sentry at Tue May 11 13:39:41 1999.
Ulath bribed a gate sentry at Tue May 11 13:46:31 1999.
Ulath bribed a gate sentry at Tue May 11 13:52:02 1999.
Ulath bribed a gate sentry at Tue May 11 14:10:47 1999.
Ulath bribed a gate sentry at Tue May 11 14:17:03 1999.
Kortax bribed a gate sentry at Tue May 11 14:21:07 1999.
Kortax bribed a gate sentry at Tue May 11 14:33:11 1999.
Kortax bribed a gate sentry at Tue May 11 15:00:24 1999.
Dagoth bribed a gate sentry at Tue May 11 18:01:52 1999.
Dolomite bribed a gate sentry at Tue May 11 22:40:56 1999.
Ulath bribed a gate sentry at Wed May 12 08:06:52 1999.
Ulath bribed a gate sentry at Wed May 12 08:14:12 1999.
Ulath bribed a gate sentry at Wed May 12 08:24:28 1999.
Ulath bribed a gate sentry at Wed May 12 08:29:58 1999.
Yama bribed a gate sentry at Wed May 12 11:47:01 1999.
Kortax bribed a gate sentry at Wed May 12 11:47:17 1999.
Kortax bribed a gate sentry at Wed May 12 17:57:12 1999.
Dolomite bribed a gate sentry at Wed May 12 20:41:17 1999.
Dolomite bribed a gate sentry at Wed May 12 21:32:26 1999.
Yama bribed a gate sentry at Thu May 13 06:16:34 1999.
Yama bribed a gate sentry at Thu May 13 10:01:24 1999.
Kortax bribed a gate sentry at Thu May 13 19:03:43 1999.
Yama bribed a gate sentry at Thu May 13 23:38:17 1999.
Yama bribed a gate sentry at Fri May 14 09:24:36 1999.
Dolomite bribed a gate sentry at Fri May 14 21:41:41 1999.
Lyserge bribed a gate sentry at Sun May 16 09:09:38 1999.
Dagoth bribed a gate sentry at Sun May 16 18:09:26 1999.
Dolomite bribed a gate sentry at Sun May 16 19:10:09 1999.
Vytek bribed a gate sentry at Mon May 17 02:56:19 1999.
Vytek bribed a gate sentry at Mon May 17 03:08:24 1999.
Vytek bribed a gate sentry at Mon May 17 03:11:18 1999.
Ulath bribed a gate sentry at Mon May 17 12:06:38 1999.
Yama bribed a gate sentry at Mon May 17 21:20:39 1999.
Marthene bribed a gate sentry at Wed May 19 09:21:57 1999.
Marthene bribed a gate sentry at Wed May 19 09:23:41 1999.
Yama bribed a gate sentry at Wed May 19 21:34:15 1999.
Yama bribed a gate sentry at Wed May 19 22:26:08 1999.
Vytek bribed a gate sentry at Thu May 20 02:31:41 1999.
Vytek bribed a gate sentry at Thu May 20 02:36:09 1999.
Vytek bribed a gate sentry at Thu May 20 20:22:14 1999.
Vytek bribed a gate sentry at Thu May 20 20:33:17 1999.
Vytek bribed a gate sentry at Thu May 20 20:33:53 1999.
Vytek bribed a gate sentry at Thu May 20 20:46:10 1999.
Vytek bribed a gate sentry at Thu May 20 21:09:27 1999.
Vytek bribed a gate sentry at Fri May 21 01:02:21 1999.
Vytek bribed a gate sentry at Fri May 21 01:04:37 1999.
Vytek bribed a gate sentry at Fri May 21 01:11:52 1999.
Vytek bribed a gate sentry at Fri May 21 01:17:10 1999.
Zalix bribed a gate sentry at Fri May 21 01:37:19 1999.
Kortax bribed a gate sentry at Fri May 21 09:51:48 1999.
Vytek bribed a gate sentry at Fri May 21 22:34:37 1999.
Kortax bribed a gate sentry at Sat May 22 11:47:08 1999.
Vytek bribed a gate sentry at Sat May 22 21:48:51 1999.
Yama bribed a gate sentry at Sun May 23 02:32:34 1999.
Vytek bribed a gate sentry at Mon May 24 03:55:59 1999.
Ulath bribed a gate sentry at Mon May 24 13:55:16 1999.
Ulath bribed a gate sentry at Mon May 24 13:55:22 1999.
Ulath bribed a gate sentry at Mon May 24 14:18:26 1999.
Ulath bribed a gate sentry at Mon May 24 14:18:32 1999.
Vytek bribed a gate sentry at Wed May 26 00:35:37 1999.
Ulath bribed a gate sentry at Mon May 31 13:44:38 1999.
Ulath bribed a gate sentry at Mon May 31 13:44:44 1999.
Ulath bribed a gate sentry at Mon May 31 14:18:56 1999.
Ulath bribed a gate sentry at Mon May 31 18:11:10 1999.
Ulath bribed a gate sentry at Mon May 31 18:11:18 1999.
Sauril bribed a gate sentry at Wed Jun  2 19:14:38 1999.
