[Mon Jun 24 07:28:52 1996] Count 2.3: Host: "shadowlands.com" is not in the auth block of the conf file
[Mon Jun 24 12:31:23 1996] Count 2.3: Host: "shadowlands.com" is not in the auth block of the conf file
[Tue Jun 25 22:24:28 1996] Count 2.3: Host: "shadowlands.com" is not in the auth block of the conf file
[Wed Jun 26 09:46:39 1996] Count 2.3: Host: "shadowlands.com" is not in the auth block of the conf file
[Wed Jun 26 09:47:29 1996] Count 2.3: Host: "shadowlands.com" is not in the auth block of the conf file
[Wed Jun 26 23:17:35 1996] Count 2.3: Host: "shadowlands.com" is not in the auth block of the conf file
[Wed Jun 26 23:18:46 1996] Count 2.3: Host: "shadowlands.com" is not in the auth block of the conf file
[Wed Jun 26 23:22:09 1996] Count 2.3: Host: "shadowlands.com" is not in the auth block of the conf file
[Thu Jun 27 00:57:57 1996] Count 2.3: Host: "shadowlands.com" is not in the auth block of the conf file
[Thu Jun 27 02:50:25 1996] Count 2.3: Host: "shadowlands.com" is not in the auth block of the conf file
[Thu Jun 27 06:33:45 1996] Count 2.3: Host: "shadowlands.com" is not in the auth block of the conf file
[Thu Jun 27 09:34:31 1996] Count 2.3: Host: "shadowlands.com" is not in the auth block of the conf file
[Thu Jun 27 10:57:03 1996] Count 2.3: Host: "shadowlands.com" is not in the auth block of the conf file
[Thu Jun 27 11:11:12 1996] Count 2.3: Host: "shadowlands.com" is not in the auth block of the conf file
[Thu Jun 27 11:35:49 1996] Count 2.3: Host: "shadowlands.com" is not in the auth block of the conf file
[Thu Jun 27 11:39:59 1996] Count 2.3: Host: "shadowlands.com" is not in the auth block of the conf file
[Thu Jun 27 15:06:08 1996] Count 2.3: Host: "shadowlands.com" is not in the auth block of the conf file
[Fri Jun 28 09:36:16 1996] Count 2.3: Host: "shadowlands.com" is not in the auth block of the conf file
[Fri Jun 28 22:55:50 1996] Count 2.3: Host: "shadowlands.com" is not in the auth block of the conf file
[Fri Jun 28 22:56:17 1996] Count 2.3: Host: "shadowlands.com" is not in the auth block of the conf file
[Fri Jun 28 22:56:53 1996] Count 2.3: Host: "shadowlands.com" is not in the auth block of the conf file
[Sun Jun 30 16:24:45 1996] Count 2.3: Host: "shadowlands.com" is not in the auth block of the conf file
[Sun Jun 30 23:09:27 1996] Count 2.3: Host: "www.yahoo.com" is not in the auth block of the conf file
[Mon Jul  1 20:33:13 1996] Count 2.3: Host: "shadowlands.com" is not in the auth block of the conf file
[Tue Jul  2 00:59:42 1996] Count 2.3: Host: "shadowlands.com" is not in the auth block of the conf file
[Tue Jul  2 01:09:56 1996] Count 2.3: Host: "shadowlands.com" is not in the auth block of the conf file
[Tue Jul  2 02:32:08 1996] Count 2.3: Host: "shadowlands.com" is not in the auth block of the conf file
[Tue Jul  2 02:32:37 1996] Count 2.3: Host: "shadowlands.com" is not in the auth block of the conf file
[Tue Jul  2 10:06:05 1996] Count 2.3: Host: "shadowlands.com" is not in the auth block of the conf file
[Tue Jul  2 10:07:41 1996] Count 2.3: Host: "shadowlands.com" is not in the auth block of the conf file
[Tue Jul  2 12:32:28 1996] Count 2.3: Host: "shadowlands.com" is not in the auth block of the conf file
[Tue Jul  2 16:52:25 1996] Count 2.3: Host: "shadowlands.com" is not in the auth block of the conf file
[Tue Jul  2 19:01:16 1996] Count 2.3: Host: "shadowlands.com" is not in the auth block of the conf file
[Wed Jul  3 01:06:24 1996] Count 2.3: Host: "shadowlands.com" is not in the auth block of the conf file
[Wed Jul  3 01:09:00 1996] Count 2.3: Host: "shadowlands.com" is not in the auth block of the conf file
[Wed Jul  3 17:35:53 1996] Count 2.3: Host: "shadowlands.com" is not in the auth block of the conf file
[Wed Jul  3 18:44:35 1996] Count 2.3: Host: "shadowlands.com" is not in the auth block of the conf file
[Wed Jul  3 18:44:53 1996] Count 2.3: Host: "shadowlands.com" is not in the auth block of the conf file
[Wed Jul  3 21:46:27 1996] Count 2.3: Host: "shadowlands.com" is not in the auth block of the conf file
[Thu Jul  4 01:57:02 1996] Count 2.3: Host: "shadowlands.com" is not in the auth block of the conf file
[Thu Jul  4 12:19:46 1996] Count 2.3: Host: "shadowlands.com" is not in the auth block of the conf file
[Thu Jul  4 22:12:31 1996] Count 2.3: Host: "shadowlands.com" is not in the auth block of the conf file
[Thu Jul  4 22:43:58 1996] Count 2.3: Host: "shadowlands.com" is not in the auth block of the conf file
[Thu Jul  4 22:44:26 1996] Count 2.3: Host: "shadowlands.com" is not in the auth block of the conf file
[Thu Jul  4 22:45:10 1996] Count 2.3: Host: "shadowlands.com" is not in the auth block of the conf file
[Thu Jul  4 22:45:14 1996] Count 2.3: Host: "shadowlands.com" is not in the auth block of the conf file
[Thu Jul  4 22:51:32 1996] Count 2.3: Host: "shadowlands.com" is not in the auth block of the conf file
[Fri Jul  5 03:09:20 1996] Count 2.3: Host: "shadowlands.com" is not in the auth block of the conf file
[Fri Jul  5 12:24:16 1996] Count 2.3: Host: "shadowlands.com" is not in the auth block of the conf file
[Fri Jul  5 21:00:57 1996] Count 2.3: Host: "www.yahoo.com" is not in the auth block of the conf file
[Fri Jul  5 21:01:25 1996] Count 2.3: Host: "shadowlands.com" is not in the auth block of the conf file
[Fri Jul  5 23:03:06 1996] Count 2.3: Host: "shadowlands.com" is not in the auth block of the conf file
[Fri Jul  5 23:06:06 1996] Count 2.3: Host: "shadowlands.com" is not in the auth block of the conf file
[Fri Jul  5 23:19:59 1996] Count 2.3: Host: "shadowlands.com" is not in the auth block of the conf file
[Sat Jul  6 01:12:42 1996] Count 2.3: Host: "shadowlands.com" is not in the auth block of the conf file
[Sat Jul  6 12:34:11 1996] Count 2.3: Host: "www.shadowlands.com." is not in the auth block of the conf file
[Sat Jul  6 12:35:05 1996] Count 2.3: Host: "www.shadowlands.com." is not in the auth block of the conf file
[Sat Jul  6 13:41:11 1996] Count 2.3: Host: "shadowlands.com" is not in the auth block of the conf file
[Sat Jul  6 14:00:36 1996] Count 2.3: Host: "shadowlands.com" is not in the auth block of the conf file
[Sat Jul  6 17:39:04 1996] Count 2.3: Host: "shadowlands.com" is not in the auth block of the conf file
[Sat Jul  6 23:19:12 1996] Count 2.3: Host: "shadowlands.com" is not in the auth block of the conf file
[Sun Jul  7 01:07:45 1996] Count 2.3: Host: "shadowlands.com" is not in the auth block of the conf file
[Sun Jul  7 01:19:56 1996] Count 2.3: Host: "shadowlands.com" is not in the auth block of the conf file
[Sun Jul  7 12:25:49 1996] Count 2.3: Host: "shadowlands.com" is not in the auth block of the conf file
[Sun Jul  7 14:25:44 1996] Count 2.3: Host: "www.yahoo.com" is not in the auth block of the conf file
[Sun Jul  7 20:31:58 1996] Count 2.3: Host: "shadowlands.com" is not in the auth block of the conf file
[Mon Jul  8 06:29:49 1996] Count 2.3: Host: "shadowlands.com" is not in the auth block of the conf file
[Mon Jul  8 11:05:27 1996] Count 2.3: Host: "shadowlands.com" is not in the auth block of the conf file
[Mon Jul  8 16:51:36 1996] Count 2.3: Host: "shadowlands.com" is not in the auth block of the conf file
[Mon Jul  8 17:54:04 1996] Count 2.3: Host: "shadowlands.com" is not in the auth block of the conf file
[Mon Jul  8 20:56:02 1996] Count 2.3: Host: "shadowlands.com" is not in the auth block of the conf file
[Mon Jul  8 23:30:59 1996] Count 2.3: Host: "shadowlands.com" is not in the auth block of the conf file
[Tue Jul  9 15:36:22 1996] Count 2.3: Host: "shadowlands.com" is not in the auth block of the conf file
[Tue Jul  9 16:45:39 1996] Count 2.3: Host: "www.yahoo.com" is not in the auth block of the conf file
[Tue Jul  9 22:53:44 1996] Count 2.3: Host: "shadowlands.com" is not in the auth block of the conf file
[Wed Jul 10 05:06:55 1996] Count 2.3: Host: "shadowlands.com" is not in the auth block of the conf file
[Wed Jul 10 05:08:07 1996] Count 2.3: Host: "shadowlands.com" is not in the auth block of the conf file
[Wed Jul 10 05:25:39 1996] Count 2.3: Host: "shadowlands.com" is not in the auth block of the conf file
[Wed Jul 10 09:50:19 1996] Count 2.3: Host: "www.yahoo.com" is not in the auth block of the conf file
[Wed Jul 10 09:56:51 1996] Count 2.3: Host: "shadowlands.com" is not in the auth block of the conf file
[Wed Jul 10 11:48:30 1996] Count 2.3: Host: "shadowlands.com" is not in the auth block of the conf file
[Wed Jul 10 12:00:32 1996] Count 2.3: Host: "shadowlands.com" is not in the auth block of the conf file
[Wed Jul 10 13:03:22 1996] Count 2.3: Host: "shadowlands.com" is not in the auth block of the conf file
[Wed Jul 10 15:09:07 1996] Count 2.3: Host: "shadowlands.com" is not in the auth block of the conf file
[Wed Jul 10 15:21:39 1996] Count 2.3: Host: "shadowlands.com" is not in the auth block of the conf file
[Wed Jul 10 15:43:20 1996] Count 2.3: Host: "shadowlands.com" is not in the auth block of the conf file
[Wed Jul 10 17:05:18 1996] Count 2.3: Host: "shadowlands.com" is not in the auth block of the conf file
[Wed Jul 10 21:34:45 1996] Count 2.3: Host: "shadowlands.com" is not in the auth block of the conf file
[Wed Jul 10 22:20:20 1996] Count 2.3: Host: "shadowlands.com" is not in the auth block of the conf file
[Wed Jul 10 23:18:45 1996] Count 2.3: Host: "shadowlands.com" is not in the auth block of the conf file
[Wed Jul 10 23:21:45 1996] Count 2.3: Host: "shadowlands.com" is not in the auth block of the conf file
[Thu Jul 11 03:47:50 1996] Count 2.3: Host: "shadowlands.com" is not in the auth block of the conf file
[Thu Jul 11 11:01:52 1996] Count 2.3: Host: "shadowlands.com" is not in the auth block of the conf file
[Thu Jul 11 11:28:04 1996] Count 2.3: Host: "shadowlands.com" is not in the auth block of the conf file
[Thu Jul 11 13:49:39 1996] Count 2.3: Host: "shadowlands.com" is not in the auth block of the conf file
[Thu Jul 11 15:10:04 1996] Count 2.3: Host: "shadowlands.com" is not in the auth block of the conf file
[Thu Jul 11 15:21:39 1996] Count 2.3: Host: "shadowlands.com" is not in the auth block of the conf file
[Thu Jul 11 15:22:01 1996] Count 2.3: Host: "shadowlands.com" is not in the auth block of the conf file
[Thu Jul 11 16:10:52 1996] Count 2.3: Host: "shadowlands.com" is not in the auth block of the conf file
[Thu Jul 11 16:12:04 1996] Count 2.3: Host: "shadowlands.com" is not in the auth block of the conf file
[Thu Jul 11 20:02:12 1996] Count 2.3: Host: "shadowlands.com" is not in the auth block of the conf file
[Thu Jul 11 20:47:21 1996] Count 2.3: Host: "shadowlands.com" is not in the auth block of the conf file
[Thu Jul 11 20:51:45 1996] Count 2.3: Host: "shadowlands.com" is not in the auth block of the conf file
[Thu Jul 11 20:52:18 1996] Count 2.3: Host: "shadowlands.com" is not in the auth block of the conf file
[Thu Jul 11 20:58:55 1996] Count 2.3: Host: "shadowlands.com" is not in the auth block of the conf file
[Thu Jul 11 21:07:49 1996] Count 2.3: Host: "shadowlands.com" is not in the auth block of the conf file
[Thu Jul 11 21:08:50 1996] Count 2.3: Host: "shadowlands.com" is not in the auth block of the conf file
[Thu Jul 11 21:50:12 1996] Count 2.3: Host: "shadowlands.com" is not in the auth block of the conf file
[Thu Jul 11 22:36:12 1996] Count 2.3: Host: "shadowlands.com" is not in the auth block of the conf file
[Thu Jul 11 23:39:11 1996] Count 2.3: Host: "shadowlands.com" is not in the auth block of the conf file
[Fri Jul 12 00:12:21 1996] Count 2.3: Host: "shadowlands.com" is not in the auth block of the conf file
[Fri Jul 12 00:50:45 1996] Count 2.3: Host: "www.shadowlands.com." is not in the auth block of the conf file
[Fri Jul 12 00:53:04 1996] Count 2.3: Host: "shadowlands.com" is not in the auth block of the conf file
[Fri Jul 12 00:53:35 1996] Count 2.3: Host: "shadowlands.com" is not in the auth block of the conf file
[Fri Jul 12 00:59:14 1996] Count 2.3: Host: "www.shadowlands.com." is not in the auth block of the conf file
[Fri Jul 12 01:12:12 1996] Count 2.3: Host: "shadowlands.com" is not in the auth block of the conf file
[Fri Jul 12 02:03:19 1996] Count 2.3: Host: "shadowlands.com" is not in the auth block of the conf file
[Fri Jul 12 02:03:46 1996] Count 2.3: Host: "shadowlands.com" is not in the auth block of the conf file
[Fri Jul 12 04:15:21 1996] Count 2.3: Host: "shadowlands.com" is not in the auth block of the conf file
[Fri Jul 12 08:15:11 1996] Count 2.3: Host: "shadowlands.com" is not in the auth block of the conf file
[Fri Jul 12 09:07:04 1996] Count 2.3: Host: "shadowlands.com" is not in the auth block of the conf file
[Fri Jul 12 14:08:08 1996] Count 2.3: Host: "shadowlands.com" is not in the auth block of the conf file
[Fri Jul 12 14:42:46 1996] Count 2.3: Host: "shadowlands.com" is not in the auth block of the conf file
[Fri Jul 12 21:57:08 1996] Count 2.3: Host: "shadowlands.com" is not in the auth block of the conf file
[Sat Jul 13 07:01:34 1996] Count 2.3: Host: "shadowlands.com" is not in the auth block of the conf file
[Sat Jul 13 09:31:12 1996] Count 2.3: Host: "shadowlands.com" is not in the auth block of the conf file
[Sun Jul 14 00:27:41 1996] Count 2.3: Host: "shadowlands.com" is not in the auth block of the conf file
[Sun Jul 14 02:27:48 1996] Count 2.3: Host: "av.yahoo.com" is not in the auth block of the conf file
[Sun Jul 14 03:14:24 1996] Count 2.3: Host: "shadowlands.com" is not in the auth block of the conf file
[Sun Jul 14 09:00:38 1996] Count 2.3: Host: "shadowlands.com" is not in the auth block of the conf file
[Sun Jul 14 09:10:43 1996] Count 2.3: Host: "shadowlands.com" is not in the auth block of the conf file
[Sun Jul 14 12:29:33 1996] Count 2.3: Host: "shadowlands.com" is not in the auth block of the conf file
[Sun Jul 14 13:23:27 1996] Count 2.3: Host: "shadowlands.com" is not in the auth block of the conf file
[Sun Jul 14 14:32:15 1996] Count 2.3: Host: "shadowlands.com" is not in the auth block of the conf file
[Sun Jul 14 18:07:12 1996] Count 2.3: Host: "shadowlands.com" is not in the auth block of the conf file
[Sun Jul 14 22:05:22 1996] Count 2.3: Host: "shadowlands.com" is not in the auth block of the conf file
[Sun Jul 14 23:08:15 1996] Count 2.3: Host: "shadowlands.com" is not in the auth block of the conf file
[Sun Jul 14 23:09:12 1996] Count 2.3: Host: "shadowlands.com" is not in the auth block of the conf file
[Sun Jul 14 23:14:00 1996] Count 2.3: Host: "shadowlands.com" is not in the auth block of the conf file
[Mon Jul 15 00:33:39 1996] Count 2.3: Host: "shadowlands.com" is not in the auth block of the conf file
[Mon Jul 15 00:50:11 1996] Count 2.3: Host: "shadowlands.com" is not in the auth block of the conf file
[Mon Jul 15 01:17:10 1996] Count 2.3: Host: "shadowlands.com" is not in the auth block of the conf file
[Mon Jul 15 02:02:48 1996] Count 2.3: Host: "shadowlands.com" is not in the auth block of the conf file
[Mon Jul 15 05:45:06 1996] Count 2.3: Host: "shadowlands.com" is not in the auth block of the conf file
[Mon Jul 15 09:35:10 1996] Count 2.3: Host: "shadowlands.com" is not in the auth block of the conf file
[Mon Jul 15 10:22:46 1996] Count 2.3: Host: "shadowlands.com" is not in the auth block of the conf file
[Mon Jul 15 10:23:56 1996] Count 2.3: Host: "shadowlands.com" is not in the auth block of the conf file
[Mon Jul 15 16:03:58 1996] Count 2.3: Host: "search.yahoo.com" is not in the auth block of the conf file
[Mon Jul 15 17:17:16 1996] Count 2.3: Host: "www.shadowlands.com." is not in the auth block of the conf file
[Mon Jul 15 17:47:36 1996] Count 2.3: Host: "search.yahoo.com" is not in the auth block of the conf file
[Mon Jul 15 18:02:42 1996] Count 2.3: Host: "shadowlands.com" is not in the auth block of the conf file
[Mon Jul 15 18:04:47 1996] Count 2.3: Host: "shadowlands.com" is not in the auth block of the conf file
[Mon Jul 15 20:04:31 1996] Count 2.3: Host: "shadowlands.com" is not in the auth block of the conf file
[Mon Jul 15 20:05:16 1996] Count 2.3: Host: "www.shadowlands.com." is not in the auth block of the conf file
[Mon Jul 15 22:57:04 1996] Count 2.3: Host: "shadowlands.com" is not in the auth block of the conf file
[Mon Jul 15 23:07:28 1996] Count 2.3: Host: "shadowlands.com" is not in the auth block of the conf file
[Mon Jul 15 23:09:00 1996] Count 2.3: Host: "shadowlands.com" is not in the auth block of the conf file
[Mon Jul 15 23:09:33 1996] Count 2.3: Host: "shadowlands.com" is not in the auth block of the conf file
[Mon Jul 15 23:40:13 1996] Count 2.3: Host: "shadowlands.com" is not in the auth block of the conf file
[Tue Jul 16 01:07:31 1996] Count 2.3: Host: "shadowlands.com" is not in the auth block of the conf file
[Tue Jul 16 05:40:08 1996] Count 2.3: Host: "shadowlands.com" is not in the auth block of the conf file
[Tue Jul 16 05:41:11 1996] Count 2.3: Host: "www.shadowlands.com." is not in the auth block of the conf file
[Tue Jul 16 05:47:39 1996] Count 2.3: Host: "www.shadowlands.com." is not in the auth block of the conf file
[Tue Jul 16 06:02:06 1996] Count 2.3: Host: "shadowlands.com" is not in the auth block of the conf file
[Tue Jul 16 11:27:40 1996] Count 2.3: Host: "shadowlands.com" is not in the auth block of the conf file
[Tue Jul 16 12:14:44 1996] Count 2.3: Host: "shadowlands.com" is not in the auth block of the conf file
[Tue Jul 16 13:59:06 1996] Count 2.3: Host: "shadowlands.com" is not in the auth block of the conf file
[Tue Jul 16 14:58:10 1996] Count 2.3: Host: "shadowlands.com" is not in the auth block of the conf file
[Tue Jul 16 19:49:40 1996] Count 2.3: Host: "shadowlands.com" is not in the auth block of the conf file
[Tue Jul 16 23:06:46 1996] Count 2.3: Host: "shadowlands.com" is not in the auth block of the conf file
[Wed Jul 17 01:29:01 1996] Count 2.3: Host: "shadowlands.com" is not in the auth block of the conf file
[Wed Jul 17 03:00:14 1996] Count 2.3: Host: "shadowlands.com" is not in the auth block of the conf file
[Wed Jul 17 03:22:23 1996] Count 2.3: Host: "shadowlands.com" is not in the auth block of the conf file
[Wed Jul 17 04:50:03 1996] Count 2.3: Host: "shadowlands.com" is not in the auth block of the conf file
[Wed Jul 17 04:59:19 1996] Count 2.3: Host: "shadowlands.com" is not in the auth block of the conf file
[Wed Jul 17 10:26:28 1996] Count 2.3: Host: "shadowlands.com" is not in the auth block of the conf file
[Wed Jul 17 11:43:26 1996] Count 2.3: Host: "shadowlands.com" is not in the auth block of the conf file
[Thu Jul 18 04:37:10 1996] Count 2.3: Host: "shadowlands.com" is not in the auth block of the conf file
[Thu Jul 18 11:13:29 1996] Count 2.3: Host: "shadowlands.com" is not in the auth block of the conf file
[Thu Jul 18 12:41:36 1996] Count 2.3: Host: "shadowlands.com" is not in the auth block of the conf file
[Thu Jul 18 15:44:13 1996] Count 2.3: Host: "shadowlands.com" is not in the auth block of the conf file
[Fri Jul 19 07:31:34 1996] Count 2.3: Host: "shadowlands.com" is not in the auth block of the conf file
[Fri Jul 19 07:33:26 1996] Count 2.3: Host: "shadowlands.com" is not in the auth block of the conf file
[Fri Jul 19 11:14:10 1996] Count 2.3: Host: "www.shadowlands.com." is not in the auth block of the conf file
[Fri Jul 19 15:06:44 1996] Count 2.3: Host: "shadowlands.com" is not in the auth block of the conf file
[Sat Jul 20 17:02:10 1996] Count 2.3: Host: "shadowlands.com" is not in the auth block of the conf file
[Sat Jul 20 23:06:58 1996] Count 2.3: Host: "www.yahoo.com" is not in the auth block of the conf file
[Sun Jul 21 14:55:42 1996] Count 2.3: Host: "shadowlands.com" is not in the auth block of the conf file
[Sun Jul 21 14:56:33 1996] Count 2.3: Host: "shadowlands.com" is not in the auth block of the conf file
[Sun Jul 21 19:24:33 1996] Count 2.3: Host: "shadowlands.com" is not in the auth block of the conf file
[Mon Jul 22 14:50:36 1996] Count 2.3: Host: "shadowlands.com" is not in the auth block of the conf file
[Mon Jul 22 16:03:43 1996] Count 2.3: Host: "shadowlands.com" is not in the auth block of the conf file
[Mon Jul 22 20:08:07 1996] Count 2.3: Host: "shadowlands.com" is not in the auth block of the conf file
[Mon Jul 22 22:03:42 1996] Count 2.3: Host: "shadowlands.com" is not in the auth block of the conf file
[Mon Jul 22 23:06:19 1996] Count 2.3: Host: "shadowlands.com" is not in the auth block of the conf file
[Tue Jul 23 02:09:51 1996] Count 2.3: Host: "shadowlands.com" is not in the auth block of the conf file
[Tue Jul 23 03:09:01 1996] Count 2.3: Host: "shadowlands.com" is not in the auth block of the conf file
[Tue Jul 23 04:43:00 1996] Count 2.3: Host: "shadowlands.com" is not in the auth block of the conf file
[Tue Jul 23 08:02:47 1996] Count 2.3: Host: "shadowlands.com" is not in the auth block of the conf file
[Tue Jul 23 10:56:22 1996] Count 2.3: Host: "shadowlands.com" is not in the auth block of the conf file
[Tue Jul 23 13:50:10 1996] Count 2.3: Host: "shadowlands.com" is not in the auth block of the conf file
[Tue Jul 23 14:46:27 1996] Count 2.3: Host: "shadowlands.com" is not in the auth block of the conf file
[Tue Jul 23 17:06:38 1996] Count 2.3: Host: "shadowlands.com" is not in the auth block of the conf file
[Tue Jul 23 17:42:54 1996] Count 2.3: Host: "shadowlands.com" is not in the auth block of the conf file
[Tue Jul 23 19:04:45 1996] Count 2.3: Host: "shadowlands.com" is not in the auth block of the conf file
[Tue Jul 23 20:09:26 1996] Count 2.3: Host: "shadowlands.com" is not in the auth block of the conf file
[Tue Jul 23 21:14:16 1996] Count 2.3: Host: "shadowlands.com" is not in the auth block of the conf file
[Tue Jul 23 22:41:17 1996] Count 2.3: Host: "shadowlands.com" is not in the auth block of the conf file
[Wed Jul 24 03:06:01 1996] Count 2.3: Host: "www.shadowlands.com." is not in the auth block of the conf file
[Wed Jul 24 03:14:07 1996] Count 2.3: Host: "www.shadowlands.com." is not in the auth block of the conf file
[Wed Jul 24 03:14:14 1996] Count 2.3: Host: "www.shadowlands.com." is not in the auth block of the conf file
[Wed Jul 24 03:33:03 1996] Count 2.3: Host: "shadowlands.com" is not in the auth block of the conf file
[Wed Jul 24 09:05:31 1996] Count 2.3: Host: "shadowlands.com" is not in the auth block of the conf file
[Wed Jul 24 10:48:37 1996] Count 2.3: Host: "shadowlands.com" is not in the auth block of the conf file
[Wed Jul 24 12:43:19 1996] Count 2.3: Host: "shadowlands.com" is not in the auth block of the conf file
[Wed Jul 24 13:57:32 1996] Count 2.3: Host: "shadowlands.com" is not in the auth block of the conf file
[Wed Jul 24 20:54:54 1996] Count 2.3: Host: "shadowlands.com" is not in the auth block of the conf file
[Wed Jul 24 21:32:02 1996] Count 2.3: Host: "shadowlands.com" is not in the auth block of the conf file
[Wed Jul 24 21:48:21 1996] Count 2.3: Host: "shadowlands.com" is not in the auth block of the conf file
[Wed Jul 24 22:22:02 1996] Count 2.3: Host: "shadowlands.com" is not in the auth block of the conf file
[Wed Jul 24 23:08:30 1996] Count 2.3: Host: "shadowlands.com" is not in the auth block of the conf file
[Thu Jul 25 05:38:18 1996] Count 2.3: Host: "shadowlands.com" is not in the auth block of the conf file
[Thu Jul 25 11:04:33 1996] Count 2.3: Host: "shadowlands.com" is not in the auth block of the conf file
[Thu Jul 25 13:22:18 1996] Count 2.3: Host: "shadowlands.com" is not in the auth block of the conf file
[Thu Jul 25 14:12:40 1996] Count 2.3: Host: "shadowlands.com" is not in the auth block of the conf file
[Thu Jul 25 14:25:35 1996] Count 2.3: Host: "shadowlands.com" is not in the auth block of the conf file
[Thu Jul 25 14:45:40 1996] Count 2.3: Host: "shadowlands.com" is not in the auth block of the conf file
[Thu Jul 25 18:25:55 1996] Count 2.3: Host: "shadowlands.com" is not in the auth block of the conf file
[Thu Jul 25 19:44:28 1996] Count 2.3: Host: "shadowlands.com" is not in the auth block of the conf file
[Thu Jul 25 19:46:01 1996] Count 2.3: Host: "shadowlands.com" is not in the auth block of the conf file
[Thu Jul 25 20:46:32 1996] Count 2.3: Host: "shadowlands.com" is not in the auth block of the conf file
[Thu Jul 25 21:31:27 1996] Count 2.3: Host: "shadowlands.com" is not in the auth block of the conf file
[Thu Jul 25 23:51:46 1996] Count 2.3: Host: "shadowlands.com" is not in the auth block of the conf file
[Fri Jul 26 08:17:15 1996] Count 2.3: Host: "query.webcrawler.com" is not in the auth block of the conf file
[Fri Jul 26 09:15:37 1996] Count 2.3: Host: "shadowlands.com" is not in the auth block of the conf file
[Fri Jul 26 10:56:50 1996] Count 2.3: Host: "shadowlands.com" is not in the auth block of the conf file
[Fri Jul 26 11:48:20 1996] Count 2.3: Host: "shadowlands.com" is not in the auth block of the conf file
[Fri Jul 26 12:02:16 1996] Count 2.3: Host: "shadowlands.com" is not in the auth block of the conf file
[Fri Jul 26 17:06:49 1996] Count 2.3: Host: "shadowlands.com" is not in the auth block of the conf file
[Fri Jul 26 17:11:07 1996] Count 2.3: Host: "shadowlands.com" is not in the auth block of the conf file
[Fri Jul 26 18:04:11 1996] Count 2.3: Host: "shadowlands.com" is not in the auth block of the conf file
[Fri Jul 26 20:20:16 1996] Count 2.3: Host: "shadowlands.com" is not in the auth block of the conf file
[Fri Jul 26 20:50:46 1996] Count 2.3: Host: "shadowlands.com" is not in the auth block of the conf file
[Fri Jul 26 22:07:31 1996] Count 2.3: Host: "shadowlands.com" is not in the auth block of the conf file
[Fri Jul 26 22:23:28 1996] Count 2.3: Host: "shadowlands.com" is not in the auth block of the conf file
[Fri Jul 26 23:14:50 1996] Count 2.3: Host: "shadowlands.com" is not in the auth block of the conf file
[Fri Jul 26 23:57:53 1996] Count 2.3: Host: "shadowlands.com" is not in the auth block of the conf file
[Sat Jul 27 00:52:44 1996] Count 2.3: Host: "shadowlands.com" is not in the auth block of the conf file
[Sat Jul 27 00:56:55 1996] Count 2.3: Host: "shadowlands.com" is not in the auth block of the conf file
[Sat Jul 27 04:06:16 1996] Count 2.3: Host: "www.shadowlands.com." is not in the auth block of the conf file
[Sat Jul 27 07:54:03 1996] Count 2.3: Host: "shadowlands.com" is not in the auth block of the conf file
[Sat Jul 27 11:37:02 1996] Count 2.3: Host: "shadowlands.com" is not in the auth block of the conf file
[Sat Jul 27 12:13:49 1996] Count 2.3: Host: "shadowlands.com" is not in the auth block of the conf file
[Sat Jul 27 12:25:01 1996] Count 2.3: Host: "shadowlands.com" is not in the auth block of the conf file
[Sat Jul 27 13:13:51 1996] Count 2.3: Host: "shadowlands.com" is not in the auth block of the conf file
[Sat Jul 27 13:15:59 1996] Count 2.3: Host: "shadowlands.com" is not in the auth block of the conf file
[Sat Jul 27 14:06:57 1996] Count 2.3: Host: "shadowlands.com" is not in the auth block of the conf file
[Sat Jul 27 14:21:28 1996] Count 2.3: Host: "shadowlands.com" is not in the auth block of the conf file
[Sat Jul 27 18:54:25 1996] Count 2.3: Host: "shadowlands.com" is not in the auth block of the conf file
[Sun Jul 28 01:22:43 1996] Count 2.3: Host: "shadowlands.com" is not in the auth block of the conf file
[Sun Jul 28 06:30:24 1996] Count 2.3: Host: "www.shadowlands.com." is not in the auth block of the conf file
[Sun Jul 28 06:30:37 1996] Count 2.3: Host: "www.shadowlands.com." is not in the auth block of the conf file
[Sun Jul 28 06:32:16 1996] Count 2.3: Host: "www.shadowlands.com." is not in the auth block of the conf file
[Sun Jul 28 06:44:09 1996] Count 2.3: Host: "shadowlands.com" is not in the auth block of the conf file
[Sun Jul 28 08:38:39 1996] Count 2.3: Host: "www.yahoo.com" is not in the auth block of the conf file
[Sun Jul 28 11:57:45 1996] Count 2.3: Host: "shadowlands.com" is not in the auth block of the conf file
[Sun Jul 28 14:18:03 1996] Count 2.3: Host: "shadowlands.com" is not in the auth block of the conf file
[Sun Jul 28 18:05:22 1996] Count 2.3: Host: "marlin.utmb.edu" is not in the auth block of the conf file
[Sun Jul 28 20:01:18 1996] Count 2.3: Host: "shadowlands.com" is not in the auth block of the conf file
[Sun Jul 28 20:02:48 1996] Count 2.3: Host: "shadowlands.com" is not in the auth block of the conf file
[Sun Jul 28 20:03:24 1996] Count 2.3: Host: "shadowlands.com" is not in the auth block of the conf file
[Sun Jul 28 20:04:19 1996] Count 2.3: Host: "shadowlands.com" is not in the auth block of the conf file
[Sun Jul 28 20:07:14 1996] Count 2.3: Host: "shadowlands.com" is not in the auth block of the conf file
[Sun Jul 28 20:24:52 1996] Count 2.3: Host: "shadowlands.com" is not in the auth block of the conf file
[Sun Jul 28 22:19:57 1996] Count 2.3: Host: "www.yahoo.com" is not in the auth block of the conf file
[Mon Jul 29 13:59:44 1996] Count 2.3: Host: "shadowlands.com" is not in the auth block of the conf file
[Mon Jul 29 16:30:08 1996] Count 2.3: Host: "shadowlands.com" is not in the auth block of the conf file
[Mon Jul 29 16:53:55 1996] Count 2.3: Host: "shadowlands.com" is not in the auth block of the conf file
[Mon Jul 29 19:10:17 1996] Count 2.3: Host: "shadowlands.com" is not in the auth block of the conf file
[Mon Jul 29 19:16:10 1996] Count 2.3: Host: "shadowlands.com" is not in the auth block of the conf file
[Mon Jul 29 20:32:00 1996] Count 2.3: Host: "shadowlands.com" is not in the auth block of the conf file
[Mon Jul 29 22:18:58 1996] Count 2.3: Host: "shadowlands.com" is not in the auth block of the conf file
[Tue Jul 30 00:48:21 1996] Count 2.3: Host: "shadowlands.com" is not in the auth block of the conf file
[Tue Jul 30 03:37:14 1996] Count 2.3: Host: "shadowlands.com" is not in the auth block of the conf file
[Tue Jul 30 08:07:46 1996] Count 2.3: Host: "shadowlands.com" is not in the auth block of the conf file
[Tue Jul 30 12:18:16 1996] Count 2.3: Host: "shadowlands.com" is not in the auth block of the conf file
[Tue Jul 30 12:18:20 1996] Count 2.3: Host: "shadowlands.com" is not in the auth block of the conf file
[Tue Jul 30 12:19:13 1996] Count 2.3: Host: "shadowlands.com" is not in the auth block of the conf file
[Tue Jul 30 13:20:38 1996] Count 2.3: Host: "shadowlands.com" is not in the auth block of the conf file
[Mon Jul 29 13:48:35 1996] Count 2.3: Host: "shadowlands.com" is not in the auth block of the conf file
[Mon Jul 29 15:06:46 1996] Count 2.3: Host: "altavista.digital.com" is not in the auth block of the conf file
[Mon Jul 29 15:25:35 1996] Count 2.3: Host: "shadowlands.com" is not in the auth block of the conf file
[Mon Jul 29 17:07:49 1996] Count 2.3: Host: "shadowlands.com" is not in the auth block of the conf file
[Mon Jul 29 17:35:08 1996] Count 2.3: Host: "shadowlands.com" is not in the auth block of the conf file
[Mon Jul 29 17:36:26 1996] Count 2.3: Host: "shadowlands.com" is not in the auth block of the conf file
[Mon Jul 29 17:57:12 1996] Count 2.3: Host: "shadowlands.com" is not in the auth block of the conf file
[Mon Jul 29 19:29:20 1996] Count 2.3: Host: "shadowlands.com" is not in the auth block of the conf file
[Mon Jul 29 20:38:23 1996] Count 2.3: Host: "shadowlands.com" is not in the auth block of the conf file
[Mon Jul 29 22:06:52 1996] Count 2.3: Host: "shadowlands.com" is not in the auth block of the conf file
[Mon Jul 29 23:28:14 1996] Count 2.3: Host: "www.execpc.com" is not in the auth block of the conf file
[Mon Jul 29 23:32:49 1996] Count 2.3: Host: "www.execpc.com" is not in the auth block of the conf file
[Mon Jul 29 23:33:03 1996] Count 2.3: Host: "www.execpc.com" is not in the auth block of the conf file
[Mon Jul 29 23:33:30 1996] Count 2.3: Host: "www.execpc.com" is not in the auth block of the conf file
[Mon Jul 29 23:34:35 1996] Count 2.3: Host: "www.execpc.com" is not in the auth block of the conf file
[Mon Jul 29 23:35:01 1996] Count 2.3: Host: "www.execpc.com" is not in the auth block of the conf file
[Mon Jul 29 23:40:31 1996] Count 2.3: Host: "www.execpc.com" is not in the auth block of the conf file
[Mon Jul 29 23:41:24 1996] Count 2.3: Host: "www.execpc.com" is not in the auth block of the conf file
[Mon Jul 29 23:45:34 1996] Count 2.3: Host: "www.execpc.com" is not in the auth block of the conf file
[Mon Jul 29 23:45:43 1996] Count 2.3: Host: "www.execpc.com" is not in the auth block of the conf file
[Mon Jul 29 23:47:08 1996] Count 2.3: Host: "www.execpc.com" is not in the auth block of the conf file
[Mon Jul 29 23:48:25 1996] Count 2.3: Host: "www.execpc.com" is not in the auth block of the conf file
[Mon Jul 29 23:48:34 1996] Count 2.3: Host: "www.execpc.com" is not in the auth block of the conf file
[Mon Jul 29 23:48:49 1996] Count 2.3: Host: "shadowlands.com" is not in the auth block of the conf file
[Mon Jul 29 23:48:52 1996] Count 2.3: Host: "www.execpc.com" is not in the auth block of the conf file
[Mon Jul 29 23:50:24 1996] Count 2.3: Host: "www.execpc.com" is not in the auth block of the conf file
[Mon Jul 29 23:50:31 1996] Count 2.3: Host: "www.execpc.com" is not in the auth block of the conf file
[Mon Jul 29 23:52:15 1996] Count 2.3: Host: "www.execpc.com" is not in the auth block of the conf file
[Mon Jul 29 23:54:29 1996] Count 2.3: Host: "www.execpc.com" is not in the auth block of the conf file
[Mon Jul 29 23:56:34 1996] Count 2.3: Host: "www.execpc.com" is not in the auth block of the conf file
[Mon Jul 29 23:58:36 1996] Count 2.3: Host: "www.execpc.com" is not in the auth block of the conf file
[Tue Jul 30 00:54:04 1996] Count 2.3: Host: "www.execpc.com" is not in the auth block of the conf file
[Tue Jul 30 01:00:59 1996] Count 2.3: Host: "www.execpc.com" is not in the auth block of the conf file
[Tue Jul 30 01:52:56 1996] Count 2.3: Host: "shadowlands.com" is not in the auth block of the conf file
[Tue Jul 30 04:21:51 1996] Count 2.3: Host: "shadowlands.com" is not in the auth block of the conf file
[Tue Jul 30 09:22:36 1996] Count 2.3: Host: "shadowlands.com" is not in the auth block of the conf file
[Tue Jul 30 11:26:47 1996] Count 2.3: Host: "shadowlands.com" is not in the auth block of the conf file
[Tue Jul 30 11:49:16 1996] Count 2.3: Host: "shadowlands.com" is not in the auth block of the conf file
[Tue Jul 30 11:49:59 1996] Count 2.3: Host: "shadowlands.com" is not in the auth block of the conf file
[Tue Jul 30 12:00:36 1996] Count 2.3: Host: "shadowlands.com" is not in the auth block of the conf file
[Tue Jul 30 12:01:51 1996] Count 2.3: Host: "shadowlands.com" is not in the auth block of the conf file
[Tue Jul 30 12:04:40 1996] Count 2.3: Host: "shadowlands.com" is not in the auth block of the conf file
[Tue Jul 30 13:04:33 1996] Count 2.3: Host: "shadowlands.com" is not in the auth block of the conf file
[Tue Jul 30 14:15:35 1996] Count 2.3: Host: "shadowlands.com" is not in the auth block of the conf file
[Tue Jul 30 14:49:37 1996] Count 2.3: Host: "shadowlands.com" is not in the auth block of the conf file
[Tue Jul 30 14:50:41 1996] Count 2.3: Host: "shadowlands.com" is not in the auth block of the conf file
[Tue Jul 30 14:53:19 1996] Count 2.3: Host: "shadowlands.com" is not in the auth block of the conf file
[Tue Jul 30 14:57:06 1996] Count 2.3: Host: "shadowlands.com" is not in the auth block of the conf file
[Tue Jul 30 16:57:46 1996] Count 2.3: Host: "www.execpc.com" is not in the auth block of the conf file
[Tue Jul 30 18:07:28 1996] Count 2.3: Host: "www.execpc.com" is not in the auth block of the conf file
[Wed Jul 31 02:42:38 1996] Count 2.3: Host: "shadowlands.com" is not in the auth block of the conf file
[Wed Jul 31 04:36:45 1996] Count 2.3: Host: "shadowlands.com" is not in the auth block of the conf file
[Wed Jul 31 22:00:15 1996] Count 2.3: Host: "www.execpc.com" is not in the auth block of the conf file
[Thu Aug  1 07:26:10 1996] Count 2.3: Host: "shadowlands.com" is not in the auth block of the conf file
[Thu Aug  1 10:20:06 1996] Count 2.3: Host: "shadowlands.com" is not in the auth block of the conf file
[Thu Aug  1 11:15:53 1996] Count 2.3: Host: "shadowlands.com" is not in the auth block of the conf file
[Thu Aug  1 11:47:10 1996] Count 2.3: Host: "shadowlands.com" is not in the auth block of the conf file
[Thu Aug  1 12:30:27 1996] Count 2.3: Host: "shadowlands.com" is not in the auth block of the conf file
[Thu Aug  1 14:09:24 1996] Count 2.3: Host: "shadowlands.com" is not in the auth block of the conf file
[Thu Aug  1 19:19:48 1996] Count 2.3: Host: "shadowlands.com" is not in the auth block of the conf file
[Thu Aug  1 19:23:54 1996] Count 2.3: Host: "shadowlands.com" is not in the auth block of the conf file
[Thu Aug  1 20:54:34 1996] Count 2.3: Host: "shadowlands.com" is not in the auth block of the conf file
[Thu Aug  1 21:39:56 1996] Count 2.3: Host: "shadowlands.com" is not in the auth block of the conf file
[Thu Aug  1 23:54:17 1996] Count 2.3: Host: "shadowlands.com" is not in the auth block of the conf file
[Fri Aug  2 00:06:03 1996] Count 2.3: Host: "shadowlands.com" is not in the auth block of the conf file
[Fri Aug  2 00:13:23 1996] Count 2.3: Host: "shadowlands.com" is not in the auth block of the conf file
[Fri Aug  2 03:46:30 1996] Count 2.3: Host: "shadowlands.com" is not in the auth block of the conf file
[Fri Aug  2 10:53:08 1996] Count 2.3: Host: "shadowlands.com" is not in the auth block of the conf file
[Fri Aug  2 20:21:10 1996] Count 2.3: Host: "shadowlands.com" is not in the auth block of the conf file
[Fri Aug  2 20:56:47 1996] Count 2.3: Host: "shadowlands.com" is not in the auth block of the conf file
[Fri Aug  2 21:18:02 1996] Count 2.3: Host: "shadowlands.com" is not in the auth block of the conf file
[Fri Aug  2 21:23:40 1996] Count 2.3: Host: "shadowlands.com" is not in the auth block of the conf file
[Sat Aug  3 01:24:15 1996] Count 2.3: Host: "shadowlands.com" is not in the auth block of the conf file
[Sat Aug  3 02:22:50 1996] Count 2.3: Host: "shadowlands.com" is not in the auth block of the conf file
[Sat Aug  3 02:36:27 1996] Count 2.3: Host: "shadowlands.com" is not in the auth block of the conf file
[Sat Aug  3 04:24:16 1996] Count 2.3: Host: "av.yahoo.com" is not in the auth block of the conf file
[Sat Aug  3 07:14:47 1996] Count 2.3: Host: "shadowlands.com" is not in the auth block of the conf file
[Sat Aug  3 11:38:23 1996] Count 2.3: Host: "www.execpc.com" is not in the auth block of the conf file
[Sat Aug  3 13:33:21 1996] Count 2.3: Host: "shadowlands.com" is not in the auth block of the conf file
[Sat Aug  3 13:47:51 1996] Count 2.3: Host: "shadowlands.com" is not in the auth block of the conf file
[Sat Aug  3 13:56:05 1996] Count 2.3: Host: "shadowlands.com" is not in the auth block of the conf file
[Sat Aug  3 13:56:36 1996] Count 2.3: Host: "shadowlands.com" is not in the auth block of the conf file
[Sat Aug  3 16:00:48 1996] Count 2.3: Host: "shadowlands.com" is not in the auth block of the conf file
[Sat Aug  3 19:25:34 1996] Count 2.3: Host: "www.shadowlands.com." is not in the auth block of the conf file
[Sat Aug  3 19:39:47 1996] Count 2.3: Host: "shadowlands.com" is not in the auth block of the conf file
[Sat Aug  3 19:40:43 1996] Count 2.3: Host: "shadowlands.com" is not in the auth block of the conf file
[Sat Aug  3 20:51:35 1996] Count 2.3: Host: "shadowlands.com" is not in the auth block of the conf file
[Sat Aug  3 22:52:56 1996] Count 2.3: Host: "www.execpc.com" is not in the auth block of the conf file
[Sat Aug  3 23:45:34 1996] Count 2.3: Host: "www.shadowlands.com." is not in the auth block of the conf file
[Sat Aug  3 23:54:39 1996] Count 2.3: Host: "webcrawler.com" is not in the auth block of the conf file
[Sun Aug  4 04:53:57 1996] Count 2.3: Host: "shadowlands.com" is not in the auth block of the conf file
[Sun Aug  4 09:18:24 1996] Count 2.3: Host: "shadowlands.com" is not in the auth block of the conf file
[Sun Aug  4 12:23:12 1996] Count 2.3: Host: "shadowlands.com" is not in the auth block of the conf file
[Sun Aug  4 16:55:23 1996] Count 2.3: Host: "shadowlands.com" is not in the auth block of the conf file
[Sun Aug  4 20:53:14 1996] Count 2.3: Host: "shadowlands.com" is not in the auth block of the conf file
[Sun Aug  4 22:07:31 1996] Count 2.3: Host: "shadowlands.com" is not in the auth block of the conf file
[Mon Aug  5 05:09:14 1996] Count 2.3: Host: "shadowlands.com" is not in the auth block of the conf file
[Mon Aug  5 05:27:39 1996] Count 2.3: Host: "shadowlands.com" is not in the auth block of the conf file
[Mon Aug  5 05:34:11 1996] Count 2.3: Host: "shadowlands.com" is not in the auth block of the conf file
[Mon Aug  5 10:52:33 1996] Count 2.3: Host: "shadowlands.com" is not in the auth block of the conf file
[Mon Aug  5 12:12:39 1996] Count 2.3: Host: "shadowlands.com" is not in the auth block of the conf file
[Mon Aug  5 12:56:38 1996] Count 2.3: Host: "shadowlands.com" is not in the auth block of the conf file
[Mon Aug  5 13:03:23 1996] Count 2.3: Host: "shadowlands.com" is not in the auth block of the conf file
[Mon Aug  5 13:08:50 1996] Count 2.3: Host: "shadowlands.com" is not in the auth block of the conf file
[Mon Aug  5 13:12:19 1996] Count 2.3: Host: "shadowlands.com" is not in the auth block of the conf file
[Mon Aug  5 13:17:22 1996] Count 2.3: Host: "shadowlands.com" is not in the auth block of the conf file
[Mon Aug  5 13:41:18 1996] Count 2.3: Host: "shadowlands.com" is not in the auth block of the conf file
[Mon Aug  5 14:26:38 1996] Count 2.3: Host: "shadowlands.com" is not in the auth block of the conf file
[Mon Aug  5 14:49:07 1996] Count 2.3: Host: "shadowlands.com" is not in the auth block of the conf file
[Mon Aug  5 16:32:30 1996] Count 2.3: Host: "shadowlands.com" is not in the auth block of the conf file
[Mon Aug  5 17:01:15 1996] Count 2.3: Host: "shadowlands.com" is not in the auth block of the conf file
[Mon Aug  5 17:40:51 1996] Count 2.3: Host: "shadowlands.com" is not in the auth block of the conf file
[Mon Aug  5 21:26:21 1996] Count 2.3: Host: "shadowlands.com" is not in the auth block of the conf file
[Mon Aug  5 21:33:13 1996] Count 2.3: Host: "shadowlands.com" is not in the auth block of the conf file
[Mon Aug  5 22:10:50 1996] Count 2.3: Host: "shadowlands.com" is not in the auth block of the conf file
[Mon Aug  5 22:11:25 1996] Count 2.3: Host: "shadowlands.com" is not in the auth block of the conf file
[Mon Aug  5 22:12:08 1996] Count 2.3: Host: "shadowlands.com" is not in the auth block of the conf file
[Mon Aug  5 22:37:36 1996] Count 2.3: Host: "av.yahoo.com" is not in the auth block of the conf file
[Mon Aug  5 23:28:06 1996] Count 2.3: Host: "shadowlands.com" is not in the auth block of the conf file
[Mon Aug  5 23:29:40 1996] Count 2.3: Host: "shadowlands.com" is not in the auth block of the conf file
[Tue Aug  6 03:01:06 1996] Count 2.3: Host: "shadowlands.com" is not in the auth block of the conf file
[Tue Aug  6 11:12:30 1996] Count 2.3: Host: "shadowlands.com" is not in the auth block of the conf file
[Tue Aug  6 12:08:10 1996] Count 2.3: Host: "shadowlands.com" is not in the auth block of the conf file
[Tue Aug  6 13:22:44 1996] Count 2.3: Host: "shadowlands.com" is not in the auth block of the conf file
[Tue Aug  6 14:38:29 1996] Count 2.3: Host: "shadowlands.com" is not in the auth block of the conf file
[Tue Aug  6 15:34:00 1996] Count 2.3: Host: "shadowlands.com" is not in the auth block of the conf file
[Tue Aug  6 20:07:55 1996] Count 2.3: Host: "shadowlands.com" is not in the auth block of the conf file
[Wed Aug  7 10:50:20 1996] Count 2.3: Host: "shadowlands.com" is not in the auth block of the conf file
[Wed Aug  7 11:10:00 1996] Count 2.3: Host: "shadowlands.com" is not in the auth block of the conf file
[Wed Aug  7 11:10:41 1996] Count 2.3: Host: "shadowlands.com" is not in the auth block of the conf file
[Wed Aug  7 11:51:42 1996] Count 2.3: Host: "shadowlands.com" is not in the auth block of the conf file
[Wed Aug  7 11:52:09 1996] Count 2.3: Host: "shadowlands.com" is not in the auth block of the conf file
[Wed Aug  7 11:52:48 1996] Count 2.3: Host: "shadowlands.com" is not in the auth block of the conf file
[Wed Aug  7 12:00:15 1996] Count 2.3: Host: "shadowlands.com" is not in the auth block of the conf file
[Wed Aug  7 14:41:51 1996] Count 2.3: Host: "www.yahoo.com" is not in the auth block of the conf file
[Wed Aug  7 14:51:34 1996] Count 2.3: Host: "shadowlands.com" is not in the auth block of the conf file
[Wed Aug  7 17:12:57 1996] Count 2.3: Host: "shadowlands.com" is not in the auth block of the conf file
[Wed Aug  7 17:33:13 1996] Count 2.3: Host: "shadowlands.com" is not in the auth block of the conf file
[Wed Aug  7 18:26:38 1996] Count 2.3: Host: "shadowlands.com" is not in the auth block of the conf file
[Wed Aug  7 18:27:45 1996] Count 2.3: Host: "shadowlands.com" is not in the auth block of the conf file
[Wed Aug  7 23:34:07 1996] Count 2.3: Host: "shadowlands.com" is not in the auth block of the conf file
[Wed Aug  7 23:35:45 1996] Count 2.3: Host: "shadowlands.com" is not in the auth block of the conf file
[Thu Aug  8 12:43:23 1996] Count 2.3: Host: "shadowlands.com" is not in the auth block of the conf file
[Thu Aug  8 13:27:58 1996] Count 2.3: Host: "shadowlands.com" is not in the auth block of the conf file
[Thu Aug  8 13:36:39 1996] Count 2.3: Host: "shadowlands.com" is not in the auth block of the conf file
[Thu Aug  8 19:46:04 1996] Count 2.3: Host: "av.yahoo.com" is not in the auth block of the conf file
[Thu Aug  8 20:39:14 1996] Count 2.3: Host: "shadowlands.com" is not in the auth block of the conf file
[Thu Aug  8 20:40:46 1996] Count 2.3: Host: "shadowlands.com" is not in the auth block of the conf file
[Fri Aug  9 01:31:55 1996] Count 2.3: Host: "shadowlands.com" is not in the auth block of the conf file
[Fri Aug  9 05:38:15 1996] Count 2.3: Host: "shadowlands.com" is not in the auth block of the conf file
[Fri Aug  9 05:41:02 1996] Count 2.3: Host: "shadowlands.com" is not in the auth block of the conf file
[Fri Aug  9 05:47:05 1996] Count 2.3: Host: "shadowlands.com" is not in the auth block of the conf file
[Fri Aug  9 09:06:04 1996] Count 2.3: Host: "shadowlands.com" is not in the auth block of the conf file
[Fri Aug  9 10:56:31 1996] Count 2.3: Host: "shadowlands.com" is not in the auth block of the conf file
[Fri Aug  9 13:11:44 1996] Count 2.3: Host: "shadowlands.com" is not in the auth block of the conf file
[Fri Aug  9 14:31:08 1996] Count 2.3: Host: "av.yahoo.com" is not in the auth block of the conf file
[Fri Aug  9 15:37:58 1996] Count 2.3: Host: "search.yahoo.com" is not in the auth block of the conf file
[Fri Aug  9 16:23:52 1996] Count 2.3: Host: "shadowlands.com" is not in the auth block of the conf file
[Fri Aug  9 16:26:39 1996] Count 2.3: Host: "shadowlands.com" is not in the auth block of the conf file
[Fri Aug  9 16:38:13 1996] Count 2.3: Host: "shadowlands.com" is not in the auth block of the conf file
[Fri Aug  9 18:45:13 1996] Count 2.3: Host: "av.yahoo.com" is not in the auth block of the conf file
[Fri Aug  9 20:48:20 1996] Count 2.3: Host: "shadowlands.com" is not in the auth block of the conf file
[Fri Aug  9 21:08:29 1996] Count 2.3: Host: "shadowlands.com" is not in the auth block of the conf file
[Fri Aug  9 23:05:04 1996] Count 2.3: Host: "shadowlands.com" is not in the auth block of the conf file
[Sat Aug 10 00:42:06 1996] Count 2.3: Host: "shadowlands.com" is not in the auth block of the conf file
[Sat Aug 10 00:51:09 1996] Count 2.3: Host: "shadowlands.com" is not in the auth block of the conf file
[Sat Aug 10 00:51:54 1996] Count 2.3: Host: "shadowlands.com" is not in the auth block of the conf file
[Sat Aug 10 03:55:14 1996] Count 2.3: Host: "shadowlands.com" is not in the auth block of the conf file
[Sat Aug 10 03:56:15 1996] Count 2.3: Host: "shadowlands.com" is not in the auth block of the conf file
[Sat Aug 10 07:19:37 1996] Count 2.3: Host: "shadowlands.com" is not in the auth block of the conf file
[Sat Aug 10 12:29:39 1996] Count 2.3: Host: "shadowlands.com" is not in the auth block of the conf file
[Sat Aug 10 12:30:15 1996] Count 2.3: Host: "shadowlands.com" is not in the auth block of the conf file
[Sat Aug 10 15:52:10 1996] Count 2.3: Host: "www.shadowlands.com." is not in the auth block of the conf file
[Sun Aug 11 04:42:43 1996] Count 2.3: Host: "shadowlands.com" is not in the auth block of the conf file
[Sun Aug 11 04:43:38 1996] Count 2.3: Host: "shadowlands.com" is not in the auth block of the conf file
[Sun Aug 11 09:24:33 1996] Count 2.3: Host: "shadowlands.com" is not in the auth block of the conf file
[Sun Aug 11 09:25:19 1996] Count 2.3: Host: "shadowlands.com" is not in the auth block of the conf file
[Sun Aug 11 14:38:16 1996] Count 2.3: Host: "shadowlands.com" is not in the auth block of the conf file
[Sun Aug 11 16:12:49 1996] Count 2.3: Host: "shadowlands.com" is not in the auth block of the conf file
[Sun Aug 11 16:48:43 1996] Count 2.3: Host: "shadowlands.com" is not in the auth block of the conf file
[Sun Aug 11 18:33:10 1996] Count 2.3: Host: "shadowlands.com" is not in the auth block of the conf file
[Sun Aug 11 20:50:27 1996] Count 2.3: Host: "shadowlands.com" is not in the auth block of the conf file
[Sun Aug 11 22:22:28 1996] Count 2.3: Host: "shadowlands.com" is not in the auth block of the conf file
[Sun Aug 11 23:10:57 1996] Count 2.3: Host: "search.yahoo.com" is not in the auth block of the conf file
[Sat Sep 21 15:41:22 1996] Count 2.3: Host: "shadowlands.com" is not in the auth block of the conf file
[Sat Sep 21 15:59:29 1996] Count 2.3: Host: "shadowlands.com" is not in the auth block of the conf file
[Sat Sep 21 16:19:31 1996] Count 2.3: Host: "shadowlands.com" is not in the auth block of the conf file
[Sat Sep 21 18:09:56 1996] Count 2.3: Host: "shadowlands.com" is not in the auth block of the conf file
[Sun Sep 22 02:41:07 1996] Count 2.3: Host: "shadowlands.com" is not in the auth block of the conf file
[Sun Sep 22 04:15:04 1996] Count 2.3: Host: "shadowlands.com" is not in the auth block of the conf file
[Sun Sep 22 06:16:51 1996] Count 2.3: Host: "shadowlands.com" is not in the auth block of the conf file
[Sun Sep 22 14:50:53 1996] Count 2.3: Host: "shadowlands.com" is not in the auth block of the conf file
[Sun Sep 22 14:51:25 1996] Count 2.3: Host: "shadowlands.com" is not in the auth block of the conf file
[Sun Sep 22 16:22:27 1996] Count 2.3: Host: "shadowlands.com" is not in the auth block of the conf file
[Sun Sep 22 16:22:51 1996] Count 2.3: Host: "shadowlands.com" is not in the auth block of the conf file
[Sun Sep 22 16:25:33 1996] Count 2.3: Host: "shadowlands.com" is not in the auth block of the conf file
[Sun Sep 22 19:50:49 1996] Count 2.3: Host: "shadowlands.com" is not in the auth block of the conf file
