=== Init:  Cityhunter 22			Wed Oct 23 15:05:58 1996
=== Init:  Kobin 18			Wed Oct 23 19:55:09 1996
=== Init:  Kobin 18			Wed Oct 23 19:58:45 1996
*** Player Kill:  Kobin		Wed Oct 23 19:58:58 1996
=== Init:  The ghost of Kobin 18			Wed Oct 23 20:03:11 1996
=== Init:  Glorfindel 19			Thu Oct 24 03:58:33 1996
=== Init:  Upstart 19			Thu Oct 24 12:44:33 1996
=== Init:  Upstart 19			Thu Oct 24 12:44:33 1996
=== Init:  Kobin 18			Thu Oct 24 12:44:33 1996
=== Init:  Upstart 19			Thu Oct 24 12:44:33 1996
=== Init:  Kobin 18			Thu Oct 24 12:44:33 1996
=== Init:  Tao 22			Thu Oct 24 12:44:33 1996
=== Init:  Tao 22			Thu Oct 24 14:34:24 1996
=== Init:  Syd 23			Thu Oct 24 14:40:36 1996
>>> Captain died 			Thu Oct 24 14:41:35 1996
=== Init:  Alvin 16			Thu Oct 24 19:27:49 1996
=== Init:  Solonor 18			Fri Oct 25 20:12:49 1996
=== Init:  Solonor 18			Fri Oct 25 20:12:49 1996
=== Init:  Erthrail 17			Fri Oct 25 20:12:49 1996
=== Init:  Solonor 18			Fri Oct 25 20:20:06 1996
=== Init:  Solonor 18			Fri Oct 25 20:20:06 1996
=== Init:  Erthrail 17			Fri Oct 25 20:20:06 1996
>>> Captain died 			Fri Oct 25 20:23:57 1996
=== Init:  Solonor 18			Fri Oct 25 21:24:05 1996
=== Init:  Solonor 18			Fri Oct 25 21:24:05 1996
=== Init:  Erthrail 17			Fri Oct 25 21:24:05 1996
=== Init:  Solonor 18			Fri Oct 25 21:24:05 1996
=== Init:  Erthrail 17			Fri Oct 25 21:24:05 1996
=== Init:  Randymac 17			Fri Oct 25 21:24:05 1996
>>> Captain died 			Fri Oct 25 21:24:54 1996
=== Init:  Solonor 18			Fri Oct 25 22:08:34 1996
=== Init:  Solonor 18			Fri Oct 25 22:08:34 1996
=== Init:  Randymac 17			Fri Oct 25 22:08:34 1996
=== Init:  Solonor 18			Fri Oct 25 22:08:34 1996
=== Init:  Randymac 17			Fri Oct 25 22:08:34 1996
=== Init:  Erthrail 17			Fri Oct 25 22:08:34 1996
*** Player Kill:  Boatswain		Fri Oct 25 22:10:54 1996
>>> Captain died 			Fri Oct 25 22:21:43 1996
=== Init:  Tylian 19			Fri Oct 25 22:48:27 1996
*** Player Kill:  Boatswain		Fri Oct 25 22:50:50 1996
>>> Captain died 			Fri Oct 25 22:54:58 1996
=== Init:  Nastorrian 18			Sat Oct 26 12:50:50 1996
=== Init:  Nastorrian 18			Sat Oct 26 13:00:14 1996
=== Init:  Nastorrian 18			Sat Oct 26 13:00:14 1996
=== Init:  Demon 17			Sat Oct 26 13:00:14 1996
*** Player Kill:  Demon		Sat Oct 26 13:01:39 1996
=== Init:  Nastorrian 18			Sat Oct 26 14:31:15 1996
=== Init:  Nastorrian 18			Sat Oct 26 14:31:15 1996
=== Init:  Lorthag 23			Sat Oct 26 14:31:15 1996
*** Player Kill:  Boatswain		Sat Oct 26 14:31:56 1996
>>> Captain died 			Sat Oct 26 14:32:00 1996
