=== Init:  Ragnar 9			Wed Oct 23 16:43:06 1996
=== Init:  Fireknife 28			Wed Oct 23 18:32:36 1996
=== Init:  Fireknife 28			Wed Oct 23 18:33:08 1996
=== Init:  Entity 5			Wed Oct 23 18:33:08 1996
=== Init:  Fireknife 28			Wed Oct 23 18:33:08 1996
=== Init:  Entity 5			Wed Oct 23 18:33:08 1996
=== Init:  Entity 5			Wed Oct 23 18:33:08 1996
>>> Dagget died 			Wed Oct 23 18:33:08 1996
=== Init:  Kobin 18			Wed Oct 23 19:29:20 1996
>>> Dagget died 			Wed Oct 23 19:30:06 1996
=== Init:  Glorfindel 19			Thu Oct 24 04:19:22 1996
>>> Dagget died 			Thu Oct 24 04:21:32 1996
=== Init:  Chewie 17			Thu Oct 24 05:24:08 1996
=== Init:  Tao 22			Thu Oct 24 14:43:15 1996
>>> Dagget died 			Thu Oct 24 14:44:52 1996
=== Init:  Zith 16			Thu Oct 24 22:37:09 1996
=== Init:  Kobin 19			Fri Oct 25 02:35:10 1996
=== Init:  Kobin 19			Fri Oct 25 02:37:15 1996
=== Init:  Kobin 19			Fri Oct 25 02:37:40 1996
=== Init:  Kobin 19			Fri Oct 25 02:39:36 1996
=== Init:  Kobin 19			Fri Oct 25 02:40:57 1996
>>> Dagget died 			Fri Oct 25 02:40:59 1996
=== Init:  Kobin 19			Fri Oct 25 02:53:53 1996
=== Init:  Kobin 19			Fri Oct 25 02:56:17 1996
=== Init:  Solonor 18			Fri Oct 25 21:31:47 1996
=== Init:  Solonor 18			Fri Oct 25 21:31:47 1996
=== Init:  Randymac 17			Fri Oct 25 21:31:47 1996
=== Init:  Solonor 18			Fri Oct 25 21:31:47 1996
=== Init:  Randymac 17			Fri Oct 25 21:31:47 1996
=== Init:  Erthrail 17			Fri Oct 25 21:31:47 1996
>>> Dagget died 			Fri Oct 25 21:32:28 1996
=== Init:  Solonor 18			Fri Oct 25 21:54:26 1996
=== Init:  Solonor 18			Fri Oct 25 21:54:26 1996
=== Init:  Randymac 17			Fri Oct 25 21:54:26 1996
=== Init:  Solonor 18			Fri Oct 25 21:54:26 1996
=== Init:  Randymac 17			Fri Oct 25 21:54:26 1996
=== Init:  Erthrail 17			Fri Oct 25 21:54:26 1996
>>> Dagget died 			Fri Oct 25 21:54:57 1996
=== Init:  Zith 16			Fri Oct 25 23:34:32 1996
=== Init:  The ghost of Zith 16			Fri Oct 25 23:37:09 1996
=== Init:  Zith 16			Fri Oct 25 23:52:40 1996
=== Init:  Solonor 18			Sat Oct 26 07:53:14 1996
=== Init:  Solonor 18			Sat Oct 26 07:54:45 1996
=== Init:  Solonor 18			Sat Oct 26 07:55:10 1996
=== Init:  Solonor 18			Sat Oct 26 07:55:32 1996
=== Init:  Solonor 18			Sat Oct 26 07:56:28 1996
=== Init:  Solonor 18			Sat Oct 26 07:56:49 1996
=== Init:  Solonor 18			Sat Oct 26 07:58:26 1996
=== Init:  Solonor 18			Sat Oct 26 08:00:50 1996
=== Init:  Solonor 18			Sat Oct 26 08:01:59 1996
=== Init:  Solonor 18			Sat Oct 26 08:02:26 1996
=== Init:  Solonor 18			Sat Oct 26 08:03:12 1996
=== Init:  Solonor 18			Sat Oct 26 08:04:02 1996
=== Init:  Solonor 18			Sat Oct 26 08:04:45 1996
=== Init:  Solonor 18			Sat Oct 26 08:05:25 1996
=== Init:  Solonor 18			Sat Oct 26 08:06:16 1996
=== Init:  Solonor 18			Sat Oct 26 08:06:36 1996
=== Init:  Solonor 18			Sat Oct 26 08:07:27 1996
=== Init:  Solonor 18			Sat Oct 26 08:07:56 1996
=== Init:  Solonor 18			Sat Oct 26 08:08:22 1996
=== Init:  Solonor 18			Sat Oct 26 08:08:42 1996
=== Init:  Solonor 18			Sat Oct 26 08:09:17 1996
=== Init:  Solonor 18			Sat Oct 26 08:10:07 1996
>>> Dagget died 			Sat Oct 26 08:10:23 1996
=== Init:  Demerick 10			Sat Oct 26 17:20:52 1996
=== Init:  Demerick 10			Sat Oct 26 17:20:52 1996
=== Init:  Drake 9			Sat Oct 26 17:20:52 1996
=== Init:  Kabach 6			Sun Oct 27 00:46:56 1996
=== Init:  Kabach 6			Sun Oct 27 00:46:58 1996
